Drill report for /home/pslavkin/kicad/pap.kicad_pcb
Created on Thu 25 Oct 2018 09:56:09 PM -03

Copper Layer Stackup:
    =============================================================
    L1 :  F.Cu                      front
    L2 :  B.Cu                      back


Drill file 'pap-PTH.drl' contains
    plated through holes:
    =============================================================
    T1  0.50mm  0.020"  (76 holes)
    T2  0.70mm  0.028"  (22 holes)
    T3  0.80mm  0.031"  (7 holes)
    T4  0.90mm  0.035"  (20 holes)
    T5  1.20mm  0.047"  (4 holes)
    T6  1.40mm  0.055"  (8 holes)
    T7  3.20mm  0.126"  (2 holes)

    Total plated holes count 139


Drill file 'pap-NPTH.drl' contains
    unplated through holes:
    =============================================================

    Total unplated holes count 0
