Object not found: R112 270 [Package: R_0805, Library: R_0805]
Object not found: R111 270 [Package: R_0805, Library: R_0805]
Object not found: D106 LED_RX [Package: LED_0805, Library: LED_0805]
Object not found: D105 LED_TX [Package: LED_0805, Library: LED_0805]
Object not found: G*** Logo_EDU-CIAA [Package: Logo_EDU-CIAA, Library: Logo_EDU-CIAA]
Object not found: G101 Logo_OSHWA [Package: Logo_OSHWA, Library: Logo_OSHWA]
Object not found: G*** LOGO [Package: Logo_Poncho, Library: Logo_Poncho]
Object not found: C101 47n [Package: C_0805, Library: C_0805]
Object not found: C102 47n [Package: C_0805, Library: C_0805]
Object not found: C103 47n [Package: C_0805, Library: C_0805]
Object not found: C104 47n [Package: C_0805, Library: C_0805]
Object not found: C105 100n [Package: C_0805, Library: C_0805]
Object not found: C106 100n [Package: C_0805, Library: C_0805]
Object not found: J7 GS2 [Package: GS2, Library: GS2]
Object not found: J8 GS2 [Package: GS2, Library: GS2]
Object not found: J9 GS2 [Package: GS2, Library: GS2]
Object not found: J10 GS2 [Package: GS2, Library: GS2]
Object not found: J101 DB9_Male_MountingHoles [Package: DB9MC, Library: DB9MC]
Object not found: J102 DB9_Male_MountingHoles [Package: DB9MC, Library: DB9MC]
Object not found: J103 GS2 [Package: GS2, Library: GS2]
Object not found: J104 GS2 [Package: GS2, Library: GS2]
Object not found: J105 GS2 [Package: GS2, Library: GS2]
Object not found: J106 GS2 [Package: GS2, Library: GS2]
Object not found: R101 60 [Package: R_0805, Library: R_0805]
Object not found: R102 60 [Package: R_0805, Library: R_0805]
Object not found: R103 60 [Package: R_0805, Library: R_0805]
Object not found: R104 60 [Package: R_0805, Library: R_0805]
Object not found: R105 60 [Package: R_0805, Library: R_0805]
Object not found: R106 60 [Package: R_0805, Library: R_0805]
Object not found: R107 60 [Package: R_0805, Library: R_0805]
Object not found: R108 60 [Package: R_0805, Library: R_0805]
Object not found: U101 TJA1051T [Package: SOIC-8_3.9x4.9mm_Pitch1.27mm, Library: SOIC-8_3.9x4.9mm_Pitch1.27mm]
Object not found: U102 TJA1051T [Package: SOIC-8_3.9x4.9mm_Pitch1.27mm, Library: SOIC-8_3.9x4.9mm_Pitch1.27mm]
Object not found: D102 RSB27C2 [Package: TO_SOT_Packages_SMD.3dshapes\SOT-23, Library: TO_SOT_Packages_SMD.3dshapes\SOT-23]
Object not found: D101 RSB27C2 [Package: TO_SOT_Packages_SMD.3dshapes\SOT-23, Library: TO_SOT_Packages_SMD.3dshapes\SOT-23]
Object not found: D103 LED_RX [Package: LED_0805, Library: LED_0805]
Object not found: D104 LED_TX [Package: LED_0805, Library: LED_0805]
Object not found: R109 270 [Package: R_0805, Library: R_0805]
Object not found: R110 270 [Package: R_0805, Library: R_0805]
Object not found: XA101 Conn_Poncho2P_2x_20x2 [Package: Conn_Poncho_SinBorde, Library: Conn_Poncho_SinBorde]
